<?xml version="1.0" encoding="UTF-8"?>
<!-- Generated by org.testng.reporters.JUnitXMLReporter -->
<testsuite hostname="Rasheed-PC" name="Test" tests="2" failures="2" timestamp="3 May 2019 08:54:12 GMT" time="0.076" errors="0">
  <testcase name="getMethods" time="0.023" classname="interfacesSample.ChildClass">
    <failure type="java.lang.IllegalAccessException" message="Class org.testng.internal.MethodInvocationHelper can not access a member of class interfacesSample.ChildClass with modifiers &amp;quot;public&amp;quot;">
      <![CDATA[java.lang.IllegalAccessException: Class org.testng.internal.MethodInvocationHelper can not access a member of class interfacesSample.ChildClass with modifiers "public"
... Removed 24 stack frames]]>
    </failure>
  </testcase> <!-- getMethods -->
  <testcase name="show" time="0.004" classname="interfacesSample.ChildClass">
    <failure type="java.lang.IllegalAccessException" message="Class org.testng.internal.MethodInvocationHelper can not access a member of class interfacesSample.ChildClass with modifiers &amp;quot;public&amp;quot;">
      <![CDATA[java.lang.IllegalAccessException: Class org.testng.internal.MethodInvocationHelper can not access a member of class interfacesSample.ChildClass with modifiers "public"
... Removed 24 stack frames]]>
    </failure>
  </testcase> <!-- show -->
</testsuite> <!-- Test -->
